<?xml version="1.0" encoding="UTF-8"?>
<!-- Generated by org.testng.reporters.JUnitReportReporter -->
<testsuite skipped="0" hostname="MELWIN" name="com.BookingPF.BookingScenarios" tests="2" failures="0" timestamp="2020-01-21T12:03:10 GST" time="74.509" errors="0">
  <testcase name="airportTaxis" time="27.003" classname="com.BookingPF.BookingScenarios"/>
  <testcase name="carRentals" time="47.506" classname="com.BookingPF.BookingScenarios"/>
</testsuite> <!-- com.BookingPF.BookingScenarios -->
